This is pdfTeX, Version 3.14159265-2.6-1.40.16 (TeX Live 2015) (preloaded format=pdflatex 2016.1.10)  6 SEP 2016 16:54
entering extended mode
 restricted \write18 enabled.
 file:line:error style messages enabled.
 %&-line parsing enabled.
**formatting-instructions-latex.tex
(./formatting-instructions-latex.tex
LaTeX2e <2015/01/01>
Babel <3.9l> and hyphenation patterns for 79 languages loaded.
(/usr/local/texlive/2015/texmf-dist/tex/latex/base/article.cls
Document Class: article 2014/09/29 v1.4h Standard LaTeX document class
(/usr/local/texlive/2015/texmf-dist/tex/latex/base/size10.clo
File: size10.clo 2014/09/29 v1.4h Standard LaTeX file (size option)
)
\c@part=\count79
\c@section=\count80
\c@subsection=\count81
\c@subsubsection=\count82
\c@paragraph=\count83
\c@subparagraph=\count84
\c@figure=\count85
\c@table=\count86
\abovecaptionskip=\skip41
\belowcaptionskip=\skip42
\bibindent=\dimen102
) (./aaai17.sty
Conference Style for AAAI for LaTeX 2e -- version of 1 January 2017
\titlebox=\skip43
) (/usr/local/texlive/2015/texmf-dist/tex/latex/amsmath/amsmath.sty
Package: amsmath 2013/01/14 v2.14 AMS math features
\@mathmargin=\skip44

For additional information on amsmath, use the `?' option.
(/usr/local/texlive/2015/texmf-dist/tex/latex/amsmath/amstext.sty
Package: amstext 2000/06/29 v2.01

(/usr/local/texlive/2015/texmf-dist/tex/latex/amsmath/amsgen.sty
File: amsgen.sty 1999/11/30 v2.0
\@emptytoks=\toks14
\ex@=\dimen103
))
(/usr/local/texlive/2015/texmf-dist/tex/latex/amsmath/amsbsy.sty
Package: amsbsy 1999/11/29 v1.2d
\pmbraise@=\dimen104
)
(/usr/local/texlive/2015/texmf-dist/tex/latex/amsmath/amsopn.sty
Package: amsopn 1999/12/14 v2.01 operator names
)
\inf@bad=\count87
LaTeX Info: Redefining \frac on input line 210.
\uproot@=\count88
\leftroot@=\count89
LaTeX Info: Redefining \overline on input line 306.
\classnum@=\count90
\DOTSCASE@=\count91
LaTeX Info: Redefining \ldots on input line 378.
LaTeX Info: Redefining \dots on input line 381.
LaTeX Info: Redefining \cdots on input line 466.
\Mathstrutbox@=\box26
\strutbox@=\box27
\big@size=\dimen105
LaTeX Font Info:    Redeclaring font encoding OML on input line 566.
LaTeX Font Info:    Redeclaring font encoding OMS on input line 567.
\macc@depth=\count92
\c@MaxMatrixCols=\count93
\dotsspace@=\muskip10
\c@parentequation=\count94
\dspbrk@lvl=\count95
\tag@help=\toks15
\row@=\count96
\column@=\count97
\maxfields@=\count98
\andhelp@=\toks16
\eqnshift@=\dimen106
\alignsep@=\dimen107
\tagshift@=\dimen108
\tagwidth@=\dimen109
\totwidth@=\dimen110
\lineht@=\dimen111
\@envbody=\toks17
\multlinegap=\skip45
\multlinetaggap=\skip46
\mathdisplay@stack=\toks18
LaTeX Info: Redefining \[ on input line 2665.
LaTeX Info: Redefining \] on input line 2666.
)
(/usr/local/texlive/2015/texmf-dist/tex/latex/amscls/amsthm.sty
Package: amsthm 2015/03/04 v2.20.2
\thm@style=\toks19
\thm@bodyfont=\toks20
\thm@headfont=\toks21
\thm@notefont=\toks22
\thm@headpunct=\toks23
\thm@preskip=\skip47
\thm@postskip=\skip48
\thm@headsep=\skip49
\dth@everypar=\toks24
)
(/usr/local/texlive/2015/texmf-dist/tex/latex/psnfss/times.sty
Package: times 2005/04/12 PSNFSS-v9.2a (SPQR) 
)
(/usr/local/texlive/2015/texmf-dist/tex/latex/psnfss/helvet.sty
Package: helvet 2005/04/12 PSNFSS-v9.2a (WaS) 

(/usr/local/texlive/2015/texmf-dist/tex/latex/graphics/keyval.sty
Package: keyval 2014/10/28 v1.15 key=value parser (DPC)
\KV@toks@=\toks25
))
(/usr/local/texlive/2015/texmf-dist/tex/latex/psnfss/courier.sty
Package: courier 2005/04/12 PSNFSS-v9.2a (WaS) 
)
(/usr/local/texlive/2015/texmf-dist/tex/latex/graphics/graphicx.sty
Package: graphicx 2014/10/28 v1.0g Enhanced LaTeX Graphics (DPC,SPQR)

(/usr/local/texlive/2015/texmf-dist/tex/latex/graphics/graphics.sty
Package: graphics 2014/10/28 v1.0p Standard LaTeX Graphics (DPC,SPQR)

(/usr/local/texlive/2015/texmf-dist/tex/latex/graphics/trig.sty
Package: trig 1999/03/16 v1.09 sin cos tan (DPC)
)
(/usr/local/texlive/2015/texmf-dist/tex/latex/latexconfig/graphics.cfg
File: graphics.cfg 2010/04/23 v1.9 graphics configuration of TeX Live
)
Package graphics Info: Driver file: pdftex.def on input line 94.

(/usr/local/texlive/2015/texmf-dist/tex/latex/pdftex-def/pdftex.def
File: pdftex.def 2011/05/27 v0.06d Graphics/color for pdfTeX

(/usr/local/texlive/2015/texmf-dist/tex/generic/oberdiek/infwarerr.sty
Package: infwarerr 2010/04/08 v1.3 Providing info/warning/error messages (HO)
)
(/usr/local/texlive/2015/texmf-dist/tex/generic/oberdiek/ltxcmds.sty
Package: ltxcmds 2011/11/09 v1.22 LaTeX kernel commands for general use (HO)
)
\Gread@gobject=\count99
))
\Gin@req@height=\dimen112
\Gin@req@width=\dimen113
)
(/usr/local/texlive/2015/texmf-dist/tex/latex/subfigure/subfigure.sty
Package: subfigure 2002/03/15 v2.1.5 subfigure package
\subfigtopskip=\skip50
\subfigcapskip=\skip51
\subfigcaptopadj=\dimen114
\subfigbottomskip=\skip52
\subfigcapmargin=\dimen115
\subfiglabelskip=\skip53
\c@subfigure=\count100
\c@lofdepth=\count101
\c@subtable=\count102
\c@lotdepth=\count103

****************************************
* Local config file subfigure.cfg used *
****************************************
(/usr/local/texlive/2015/texmf-dist/tex/latex/subfigure/subfigure.cfg)
\subfig@top=\skip54
\subfig@bottom=\skip55
)
(/usr/local/texlive/2015/texmf-dist/tex/latex/mdwtools/mdwmath.sty
Package: mdwmath 1996/04/11 1.1 Nice mathematical things
\sq@sqrt=\count104
LaTeX Info: Redefining \sqrt on input line 84.
)
(/usr/local/texlive/2015/texmf-dist/tex/latex/mdwtools/mdwtab.sty
Package: mdwtab 1998/04/28 1.9 Table typesetting with style
\tab@state=\count105
\tab@columns=\count106
\tab@preamble=\toks26
\tab@shortline=\toks27
\extrarowheight=\dimen116
\tabextrasep=\dimen117
\arrayextrasep=\dimen118
\smarraycolsep=\dimen119
\smarrayextrasep=\dimen120
\tab@width=\dimen121
\col@sep=\dimen122
\tab@endheight=\dimen123
\tab@leftskip=\skip56
\tab@rightskip=\skip57
\fn@notes=\box28
\fn@width=\dimen124
)
(/usr/local/texlive/2015/texmf-dist/tex/latex/amsfonts/amssymb.sty
Package: amssymb 2013/01/14 v3.01 AMS font symbols

(/usr/local/texlive/2015/texmf-dist/tex/latex/amsfonts/amsfonts.sty
Package: amsfonts 2013/01/14 v3.01 Basic AMSFonts support
\symAMSa=\mathgroup4
\symAMSb=\mathgroup5
LaTeX Font Info:    Overwriting math alphabet `\mathfrak' in version `bold'
(Font)                  U/euf/m/n --> U/euf/b/n on input line 106.
))
(/usr/local/texlive/2015/texmf-dist/tex/latex/booktabs/booktabs.sty
Package: booktabs 2005/04/14 v1.61803 publication quality tables
\heavyrulewidth=\dimen125
\lightrulewidth=\dimen126
\cmidrulewidth=\dimen127
\belowrulesep=\dimen128
\belowbottomsep=\dimen129
\aboverulesep=\dimen130
\abovetopsep=\dimen131
\cmidrulesep=\dimen132
\cmidrulekern=\dimen133
\defaultaddspace=\dimen134
\@cmidla=\count107
\@cmidlb=\count108
\@aboverulesep=\dimen135
\@belowrulesep=\dimen136
\@thisruleclass=\count109
\@lastruleclass=\count110
\@thisrulewidth=\dimen137
)
(/usr/local/texlive/2015/texmf-dist/tex/latex/algorithms/algorithm.sty
Package: algorithm 2009/08/24 v0.1 Document Style `algorithm' - floating enviro
nment

(/usr/local/texlive/2015/texmf-dist/tex/latex/float/float.sty
Package: float 2001/11/08 v1.3d Float enhancements (AL)
\c@float@type=\count111
\float@exts=\toks28
\float@box=\box29
\@float@everytoks=\toks29
\@floatcapt=\box30
)
(/usr/local/texlive/2015/texmf-dist/tex/latex/base/ifthen.sty
Package: ifthen 2014/09/29 v1.1c Standard LaTeX ifthen package (DPC)
)
\@float@every@algorithm=\toks30
\c@algorithm=\count112
)
(/usr/local/texlive/2015/texmf-dist/tex/latex/psnfss/pifont.sty
Package: pifont 2005/04/12 PSNFSS-v9.2a Pi font support (SPQR) 
LaTeX Font Info:    Try loading font information for U+pzd on input line 63.

(/usr/local/texlive/2015/texmf-dist/tex/latex/psnfss/upzd.fd
File: upzd.fd 2001/06/04 font definitions for U/pzd.
)
LaTeX Font Info:    Try loading font information for U+psy on input line 64.

(/usr/local/texlive/2015/texmf-dist/tex/latex/psnfss/upsy.fd
File: upsy.fd 2001/06/04 font definitions for U/psy.
))
(/usr/local/texlive/2015/texmf-dist/tex/latex/algorithmicx/algpseudocode.sty
Package: algpseudocode 

(/usr/local/texlive/2015/texmf-dist/tex/latex/algorithmicx/algorithmicx.sty
Package: algorithmicx 2005/04/27 v1.2 Algorithmicx

Document Style algorithmicx 1.2 - a greatly improved `algorithmic' style
\c@ALG@line=\count113
\c@ALG@rem=\count114
\c@ALG@nested=\count115
\ALG@tlm=\skip58
\ALG@thistlm=\skip59
\c@ALG@Lnr=\count116
\c@ALG@blocknr=\count117
\c@ALG@storecount=\count118
\c@ALG@tmpcounter=\count119
\ALG@tmplength=\skip60
)
Document Style - pseudocode environments for use with the `algorithmicx' style
) (/usr/local/texlive/2015/texmf-dist/tex/latex/preprint/balance.sty
Package: balance 1999/02/23 4.3 (PWD)
\oldvsize=\dimen138
)
(/usr/local/texlive/2015/texmf-dist/tex/latex/tools/bm.sty
Package: bm 2014/10/28 v1.1c Bold Symbol Support (DPC/FMi)
\symboldoperators=\mathgroup6
\symboldletters=\mathgroup7
\symboldsymbols=\mathgroup8
LaTeX Font Info:    Redeclaring math alphabet \mathbf on input line 141.
LaTeX Info: Redefining \bm on input line 207.
)
(/usr/local/texlive/2015/texmf-dist/tex/generic/ulem/ulem.sty
\UL@box=\box31
\UL@hyphenbox=\box32
\UL@skip=\skip61
\UL@hook=\toks31
\UL@height=\dimen139
\UL@pe=\count120
\UL@pixel=\dimen140
\ULC@box=\box33
Package: ulem 2012/05/18
\ULdepth=\dimen141
)
(/usr/local/texlive/2015/texmf-dist/tex/latex/multirow/multirow.sty
\bigstrutjot=\dimen142
)
(/usr/local/texlive/2015/texmf-dist/tex/latex/tools/multicol.sty
Package: multicol 2015/03/31 v1.8m multicolumn formatting (FMi)
\c@tracingmulticols=\count121
\mult@box=\box34
\multicol@leftmargin=\dimen143
\c@unbalance=\count122
\c@collectmore=\count123
\doublecol@number=\count124
\multicoltolerance=\count125
\multicolpretolerance=\count126
\full@width=\dimen144
\page@free=\dimen145
\premulticols=\dimen146
\postmulticols=\dimen147
\multicolsep=\skip62
\multicolbaselineskip=\skip63
\partial@page=\box35
\last@line=\box36
\maxbalancingoverflow=\dimen148
\mult@rightbox=\box37
\mult@grightbox=\box38
\mult@gfirstbox=\box39
\mult@firstbox=\box40
\@tempa=\box41
\@tempa=\box42
\@tempa=\box43
\@tempa=\box44
\@tempa=\box45
\@tempa=\box46
\@tempa=\box47
\@tempa=\box48
\@tempa=\box49
\@tempa=\box50
\@tempa=\box51
\@tempa=\box52
\@tempa=\box53
\@tempa=\box54
\@tempa=\box55
\@tempa=\box56
\@tempa=\box57
\c@columnbadness=\count127
\c@finalcolumnbadness=\count128
\last@try=\dimen149
\multicolovershoot=\dimen150
\multicolundershoot=\dimen151
\mult@nat@firstbox=\box58
\colbreak@box=\box59
\mc@col@check@num=\count129
)
(/usr/local/texlive/2015/texmf-dist/tex/latex/threeparttable/threeparttable.sty
Package: threeparttable 2003/06/13  v 3.0
\@tempboxb=\box60
) (/usr/local/texlive/2015/texmf-dist/tex/latex/footmisc/footmisc.sty
Package: footmisc 2011/06/06 v5.5b a miscellany of footnote facilities
\FN@temptoken=\toks32
\footnotemargin=\dimen152
\c@pp@next@reset=\count130
Package footmisc Info: Declaring symbol style bringhurst on input line 855.
Package footmisc Info: Declaring symbol style chicago on input line 863.
Package footmisc Info: Declaring symbol style wiley on input line 872.
Package footmisc Info: Declaring symbol style lamport-robust on input line 883.

Package footmisc Info: Declaring symbol style lamport* on input line 903.
Package footmisc Info: Declaring symbol style lamport*-robust on input line 924
.
)
(./formatting-instructions-latex.aux

LaTeX Warning: Label `equa_variance_metric_gd' multiply defined.


LaTeX Warning: Label `standard_sgd' multiply defined.


LaTeX Warning: Label `sect_performance_evaluation_convergence' multiply defined
.

)
\openout1 = `formatting-instructions-latex.aux'.

LaTeX Font Info:    Checking defaults for OML/cmm/m/it on input line 33.
LaTeX Font Info:    ... okay on input line 33.
LaTeX Font Info:    Checking defaults for T1/cmr/m/n on input line 33.
LaTeX Font Info:    ... okay on input line 33.
LaTeX Font Info:    Checking defaults for OT1/cmr/m/n on input line 33.
LaTeX Font Info:    ... okay on input line 33.
LaTeX Font Info:    Checking defaults for OMS/cmsy/m/n on input line 33.
LaTeX Font Info:    ... okay on input line 33.
LaTeX Font Info:    Checking defaults for OMX/cmex/m/n on input line 33.
LaTeX Font Info:    ... okay on input line 33.
LaTeX Font Info:    Checking defaults for U/cmr/m/n on input line 33.
LaTeX Font Info:    ... okay on input line 33.
LaTeX Font Info:    Try loading font information for OT1+ptm on input line 33.
 (/usr/local/texlive/2015/texmf-dist/tex/latex/psnfss/ot1ptm.fd
File: ot1ptm.fd 2001/06/04 font definitions for OT1/ptm.
)
(/usr/local/texlive/2015/texmf-dist/tex/context/base/supp-pdf.mkii
[Loading MPS to PDF converter (version 2006.09.02).]
\scratchcounter=\count131
\scratchdimen=\dimen153
\scratchbox=\box61
\nofMPsegments=\count132
\nofMParguments=\count133
\everyMPshowfont=\toks33
\MPscratchCnt=\count134
\MPscratchDim=\dimen154
\MPnumerator=\count135
\makeMPintoPDFobject=\count136
\everyMPtoPDFconversion=\toks34
) (/usr/local/texlive/2015/texmf-dist/tex/generic/oberdiek/pdftexcmds.sty
Package: pdftexcmds 2011/11/29 v0.20 Utility functions of pdfTeX for LuaTeX (HO
)

(/usr/local/texlive/2015/texmf-dist/tex/generic/oberdiek/ifluatex.sty
Package: ifluatex 2010/03/01 v1.3 Provides the ifluatex switch (HO)
Package ifluatex Info: LuaTeX not detected.
)
(/usr/local/texlive/2015/texmf-dist/tex/generic/oberdiek/ifpdf.sty
Package: ifpdf 2011/01/30 v2.3 Provides the ifpdf switch (HO)
Package ifpdf Info: pdfTeX in PDF mode is detected.
)
Package pdftexcmds Info: LuaTeX not detected.
Package pdftexcmds Info: \pdf@primitive is available.
Package pdftexcmds Info: \pdf@ifprimitive is available.
Package pdftexcmds Info: \pdfdraftmode found.
)
(/usr/local/texlive/2015/texmf-dist/tex/latex/oberdiek/epstopdf-base.sty
Package: epstopdf-base 2010/02/09 v2.5 Base part for package epstopdf

(/usr/local/texlive/2015/texmf-dist/tex/latex/oberdiek/grfext.sty
Package: grfext 2010/08/19 v1.1 Manage graphics extensions (HO)

(/usr/local/texlive/2015/texmf-dist/tex/generic/oberdiek/kvdefinekeys.sty
Package: kvdefinekeys 2011/04/07 v1.3 Define keys (HO)
))
(/usr/local/texlive/2015/texmf-dist/tex/latex/oberdiek/kvoptions.sty
Package: kvoptions 2011/06/30 v3.11 Key value format for package options (HO)

(/usr/local/texlive/2015/texmf-dist/tex/generic/oberdiek/kvsetkeys.sty
Package: kvsetkeys 2012/04/25 v1.16 Key value parser (HO)

(/usr/local/texlive/2015/texmf-dist/tex/generic/oberdiek/etexcmds.sty
Package: etexcmds 2011/02/16 v1.5 Avoid name clashes with e-TeX commands (HO)
Package etexcmds Info: Could not find \expanded.
(etexcmds)             That can mean that you are not using pdfTeX 1.50 or
(etexcmds)             that some package has redefined \expanded.
(etexcmds)             In the latter case, load this package earlier.
)))
Package grfext Info: Graphics extension search list:
(grfext)             [.png,.pdf,.jpg,.mps,.jpeg,.jbig2,.jb2,.PNG,.PDF,.JPG,.JPE
G,.JBIG2,.JB2,.eps]
(grfext)             \AppendGraphicsExtensions on input line 452.

(/usr/local/texlive/2015/texmf-dist/tex/latex/latexconfig/epstopdf-sys.cfg
File: epstopdf-sys.cfg 2010/07/13 v1.3 Configuration of (r)epstopdf for TeX Liv
e
))
LaTeX Font Info:    Font shape `OT1/ptm/bx/n' in size <14.4> not available
(Font)              Font shape `OT1/ptm/b/n' tried instead on input line 40.
LaTeX Font Info:    Try loading font information for U+msa on input line 40.

(/usr/local/texlive/2015/texmf-dist/tex/latex/amsfonts/umsa.fd
File: umsa.fd 2013/01/14 v3.01 AMS symbols A
)
LaTeX Font Info:    Try loading font information for U+msb on input line 40.

(/usr/local/texlive/2015/texmf-dist/tex/latex/amsfonts/umsb.fd
File: umsb.fd 2013/01/14 v3.01 AMS symbols B
)
LaTeX Font Info:    Font shape `OT1/ptm/bx/n' in size <12> not available
(Font)              Font shape `OT1/ptm/b/n' tried instead on input line 40.


LaTeX Warning: No \author given.

LaTeX Font Info:    Try loading font information for OMS+ptm on input line 40.
(/usr/local/texlive/2015/texmf-dist/tex/latex/psnfss/omsptm.fd
File: omsptm.fd 
)
LaTeX Font Info:    Font shape `OMS/ptm/m/n' in size <9> not available
(Font)              Font shape `OMS/cmsy/m/n' tried instead on input line 40.
LaTeX Font Info:    Font shape `OT1/ptm/bx/n' in size <10> not available
(Font)              Font shape `OT1/ptm/b/n' tried instead on input line 41.

Underfull \vbox (badness 1400) has occurred while \output is active []

 [1{/usr/local/texlive/2015/texmf-var/fonts/map/pdftex/updmap/pdftex.map}



]
LaTeX Font Info:    Font shape `OMS/ptm/m/n' in size <10> not available
(Font)              Font shape `OMS/cmsy/m/n' tried instead on input line 60.
LaTeX Font Info:    Font shape `OT1/ptm/bx/n' in size <10.95> not available
(Font)              Font shape `OT1/ptm/b/n' tried instead on input line 81.


LaTeX Warning: No positions in optional float specifier.
               Default added (so using `!tbp') on input line 84.


Overfull \hbox (3.60895pt too wide) in paragraph at lines 90--90
[]|\OT1/ptm/m/n/10 Na- 
 []


Overfull \hbox (0.83891pt too wide) in paragraph at lines 90--90
\OT1/ptm/m/n/10 me|  
 []

LaTeX Font Info:    Font shape `OMS/ptm/m/n' in size <7> not available
(Font)              Font shape `OMS/cmsy/m/n' tried instead on input line 97.

Overfull \vbox (1.4237pt too high) detected at line 99
 []


Overfull \vbox (1.4237pt too high) detected at line 99
 []


Overfull \vbox (1.4237pt too high) detected at line 99
 []

LaTeX Font Info:    Font shape `OMS/ptm/m/n' in size <6> not available
(Font)              Font shape `OMS/cmsy/m/n' tried instead on input line 105.

Overfull \hbox (2.64487pt too wide) in paragraph at lines 88--108
[] 
 []


Underfull \hbox (badness 2020) in paragraph at lines 112--113
[]\OT1/ptm/m/n/10 Table 1[] il-lus-trates that SVRG and its vari-ants can
 []


Underfull \hbox (badness 2875) in paragraph at lines 112--113
\OMS/cmsy/m/n/10 I$ \OT1/ptm/m/n/10 are im-ple-mented. For ex-am-ple, the func-
tion $\OMS/cmsy/m/n/10 E$ \OT1/ptm/m/n/10 in
 []


Underfull \hbox (badness 10000) in paragraph at lines 125--126
[]|   []\OT1/ptm/b/n/10 poch: \OT1/ptm/m/n/10 iden-tify the se-quence of epoch 
size
 []

[2]
\c@Theorem=\count137
\c@Corollary=\count138
\c@Lemma=\count139
\c@Assumption=\count140
 [3]
LaTeX Font Info:    Font shape `OT1/ptm/bx/sc' in size <12> not available
(Font)              Font shape `OT1/ptm/b/sc' tried instead on input line 190.

Underfull \hbox (badness 3895) in paragraph at lines 208--209
[] $[]$ \OT1/ptm/m/n/10 is iden-ti-fied by us-ing any of $\OML/cmm/m/it/10 ![]$
 \OT1/ptm/m/n/10 with
 []

<figure_ijcnn_convergence.pdf, id=30, 578.16pt x 433.62pt>
File: figure_ijcnn_convergence.pdf Graphic file (type pdf)

<use figure_ijcnn_convergence.pdf>
Package pdftex.def Info: figure_ijcnn_convergence.pdf used on input line 234.
(pdftex.def)             Requested size: 119.69719pt x 89.77266pt.

<figure_colon-cancer_convergence.pdf, id=31, 578.16pt x 433.62pt>
File: figure_colon-cancer_convergence.pdf Graphic file (type pdf)

<use figure_colon-cancer_convergence.pdf>
Package pdftex.def Info: figure_colon-cancer_convergence.pdf used on input line
 235.
(pdftex.def)             Requested size: 119.69719pt x 89.77266pt.

<figure_duke_convergence.pdf, id=32, 578.16pt x 433.62pt>
File: figure_duke_convergence.pdf Graphic file (type pdf)

<use figure_duke_convergence.pdf>
Package pdftex.def Info: figure_duke_convergence.pdf used on input line 236.
(pdftex.def)             Requested size: 119.69719pt x 89.77266pt.

<figure_a9a_convergence.pdf, id=33, 578.16pt x 433.62pt>
File: figure_a9a_convergence.pdf Graphic file (type pdf)

<use figure_a9a_convergence.pdf>
Package pdftex.def Info: figure_a9a_convergence.pdf used on input line 237.
(pdftex.def)             Requested size: 119.69719pt x 89.77266pt.

<figure_ijcnn_rho.pdf, id=34, 578.16pt x 433.62pt>
File: figure_ijcnn_rho.pdf Graphic file (type pdf)
 <use figure_ijcnn_rho.pdf>
Package pdftex.def Info: figure_ijcnn_rho.pdf used on input line 244.
(pdftex.def)             Requested size: 119.69719pt x 89.77266pt.

<figure_colon-cancer_rho.pdf, id=35, 578.16pt x 433.62pt>
File: figure_colon-cancer_rho.pdf Graphic file (type pdf)

<use figure_colon-cancer_rho.pdf>
Package pdftex.def Info: figure_colon-cancer_rho.pdf used on input line 245.
(pdftex.def)             Requested size: 119.69719pt x 89.77266pt.

<figure_duke_rho.pdf, id=36, 578.16pt x 433.62pt>
File: figure_duke_rho.pdf Graphic file (type pdf)
 <use figure_duke_rho.pdf>
Package pdftex.def Info: figure_duke_rho.pdf used on input line 246.
(pdftex.def)             Requested size: 119.69719pt x 89.77266pt.

<figure_a9a_rho.pdf, id=37, 578.16pt x 433.62pt>
File: figure_a9a_rho.pdf Graphic file (type pdf)
 <use figure_a9a_rho.pdf>
Package pdftex.def Info: figure_a9a_rho.pdf used on input line 247.
(pdftex.def)             Requested size: 119.69719pt x 89.77266pt.

Underfull \hbox (badness 10000) in paragraph at lines 281--282
\OT1/ptm/b/n/10 Theorem 3. \OT1/ptm/m/sc/10 sam-pleVR \OT1/ptm/m/it/10 re-quire
s at least
 []


Underfull \hbox (badness 10000) in paragraph at lines 281--282
[]\OML/cmm/m/it/10 m[] []$ \OT1/ptm/m/it/10 atomic gra-di-
 []


Underfull \hbox (badness 10000) in paragraph at lines 281--282
\OT1/ptm/m/it/10 ent cal-cu-la-tions with $\OML/cmm/m/it/10 ^^N[][]$ \OT1/ptm/m
/it/10 to achieve
 []


Underfull \hbox (badness 1365) in paragraph at lines 284--286
[]\OT1/ptm/m/n/10 As il-lus-trated in The-o-rem 2[] and The-o-rem 3[], \OT1/ptm
/m/sc/10 sam-
 []


Underfull \hbox (badness 1997) in paragraph at lines 284--286
\OT1/ptm/m/n/10 the gra-di-ent com-plex-ity of SVRG and its vari-ants is
 []

[4] <figure_mg_convergence.pdf, id=41, 578.16pt x 433.62pt>
File: figure_mg_convergence.pdf Graphic file (type pdf)

<use figure_mg_convergence.pdf>
Package pdftex.def Info: figure_mg_convergence.pdf used on input line 306.
(pdftex.def)             Requested size: 119.69719pt x 89.77266pt.

<figure_cpusmall_convergence.pdf, id=42, 578.16pt x 433.62pt>
File: figure_cpusmall_convergence.pdf Graphic file (type pdf)

<use figure_cpusmall_convergence.pdf>
Package pdftex.def Info: figure_cpusmall_convergence.pdf used on input line 307
.
(pdftex.def)             Requested size: 119.69719pt x 89.77266pt.

<figure_year_convergence.pdf, id=43, 578.16pt x 433.62pt>
File: figure_year_convergence.pdf Graphic file (type pdf)

<use figure_year_convergence.pdf>
Package pdftex.def Info: figure_year_convergence.pdf used on input line 308.
(pdftex.def)             Requested size: 119.69719pt x 89.77266pt.

<figure_space-ga_convergence.pdf, id=44, 578.16pt x 433.62pt>
File: figure_space-ga_convergence.pdf Graphic file (type pdf)

<use figure_space-ga_convergence.pdf>
Package pdftex.def Info: figure_space-ga_convergence.pdf used on input line 309
.
(pdftex.def)             Requested size: 119.69719pt x 89.77266pt.

<figure_mg_rho.pdf, id=45, 578.16pt x 433.62pt>
File: figure_mg_rho.pdf Graphic file (type pdf)
 <use figure_mg_rho.pdf>
Package pdftex.def Info: figure_mg_rho.pdf used on input line 318.
(pdftex.def)             Requested size: 119.69719pt x 89.77266pt.

<figure_cpusmall_rho.pdf, id=46, 578.16pt x 433.62pt>
File: figure_cpusmall_rho.pdf Graphic file (type pdf)

<use figure_cpusmall_rho.pdf>
Package pdftex.def Info: figure_cpusmall_rho.pdf used on input line 319.
(pdftex.def)             Requested size: 119.69719pt x 89.77266pt.

<figure_year_rho.pdf, id=47, 578.16pt x 433.62pt>
File: figure_year_rho.pdf Graphic file (type pdf)
 <use figure_year_rho.pdf>
Package pdftex.def Info: figure_year_rho.pdf used on input line 320.
(pdftex.def)             Requested size: 119.69719pt x 89.77266pt.

<figure_space-ga_rho.pdf, id=48, 578.16pt x 433.62pt>
File: figure_space-ga_rho.pdf Graphic file (type pdf)

<use figure_space-ga_rho.pdf>
Package pdftex.def Info: figure_space-ga_rho.pdf used on input line 321.
(pdftex.def)             Requested size: 119.69719pt x 89.77266pt.

Underfull \hbox (badness 3138) in paragraph at lines 330--332
\OT1/ptm/m/n/10 The ex-ist-ing vari-ants of SGD with the vari-ance re-
 []


Underfull \hbox (badness 2073) in paragraph at lines 330--332
\OT1/ptm/m/n/10 duc-tion tech-nique, in-clud-ing SVRG, S2GD, SVRG++,
 []


Underfull \hbox (badness 1337) in paragraph at lines 330--332
\OT1/ptm/m/n/10 in-clud-ing ijcnn1, colon-cancer, duke-brease-cancer, a9a,
 []


Underfull \hbox (badness 1371) in paragraph at lines 333--334
\OML/cmm/m/it/10 l\OT1/cmr/m/n/10 2$\OT1/ptm/m/n/10 -regularised lo-gis-tic re-
gres-sion tasks on the datasets:
 []

[5 <./figure_ijcnn_convergence.pdf> <./figure_colon-cancer_convergence.pdf

pdfTeX warning: /Library/TeX/texbin/pdflatex (file ./figure_colon-cancer_conver
gence.pdf): PDF inclusion: multiple pdfs with page group included in a single p
age
> <./figure_duke_convergence.pdf

pdfTeX warning: /Library/TeX/texbin/pdflatex (file ./figure_duke_convergence.pd
f): PDF inclusion: multiple pdfs with page group included in a single page
> <./figure_a9a_convergence.pdf

pdfTeX warning: /Library/TeX/texbin/pdflatex (file ./figure_a9a_convergence.pdf
): PDF inclusion: multiple pdfs with page group included in a single page
> <./figure_ijcnn_rho.pdf

pdfTeX warning: /Library/TeX/texbin/pdflatex (file ./figure_ijcnn_rho.pdf): PDF
 inclusion: multiple pdfs with page group included in a single page
> <./figure_colon-cancer_rho.pdf

pdfTeX warning: /Library/TeX/texbin/pdflatex (file ./figure_colon-cancer_rho.pd
f): PDF inclusion: multiple pdfs with page group included in a single page
> <./figure_duke_rho.pdf

pdfTeX warning: /Library/TeX/texbin/pdflatex (file ./figure_duke_rho.pdf): PDF 
inclusion: multiple pdfs with page group included in a single page
> <./figure_a9a_rho.pdf

pdfTeX warning: /Library/TeX/texbin/pdflatex (file ./figure_a9a_rho.pdf): PDF i
nclusion: multiple pdfs with page group included in a single page
>] (./formatting-instructions-latex.bbl
Underfull \vbox (badness 10000) has occurred while \output is active []

 [6 <./figure_mg_convergence.pdf> <./figure_cpusmall_convergence.pdf

pdfTeX warning: /Library/TeX/texbin/pdflatex (file ./figure_cpusmall_convergenc
e.pdf): PDF inclusion: multiple pdfs with page group included in a single page
> <./figure_year_convergence.pdf

pdfTeX warning: /Library/TeX/texbin/pdflatex (file ./figure_year_convergence.pd
f): PDF inclusion: multiple pdfs with page group included in a single page
> <./figure_space-ga_convergence.pdf

pdfTeX warning: /Library/TeX/texbin/pdflatex (file ./figure_space-ga_convergenc
e.pdf): PDF inclusion: multiple pdfs with page group included in a single page
> <./figure_mg_rho.pdf

pdfTeX warning: /Library/TeX/texbin/pdflatex (file ./figure_mg_rho.pdf): PDF in
clusion: multiple pdfs with page group included in a single page
> <./figure_cpusmall_rho.pdf

pdfTeX warning: /Library/TeX/texbin/pdflatex (file ./figure_cpusmall_rho.pdf): 
PDF inclusion: multiple pdfs with page group included in a single page
> <./figure_year_rho.pdf

pdfTeX warning: /Library/TeX/texbin/pdflatex (file ./figure_year_rho.pdf): PDF 
inclusion: multiple pdfs with page group included in a single page
> <./figure_space-ga_rho.pdf

pdfTeX warning: /Library/TeX/texbin/pdflatex (file ./figure_space-ga_rho.pdf): 
PDF inclusion: multiple pdfs with page group included in a single page
>]) [7

] (./formatting-instructions-latex.aux)

LaTeX Warning: There were multiply-defined labels.

 ) 
Here is how much of TeX's memory you used:
 4407 strings out of 493089
 61824 string characters out of 6134842
 141283 words of memory out of 5000000
 7716 multiletter control sequences out of 15000+600000
 40546 words of font info for 98 fonts, out of 8000000 for 9000
 1141 hyphenation exceptions out of 8191
 38i,15n,26p,2061b,368s stack positions out of 5000i,500n,10000p,200000b,80000s
{/usr/local/texlive/2015/texmf-dist/fonts/enc/dvips/base/8r.enc}</usr/local/t
exlive/2015/texmf-dist/fonts/type1/public/amsfonts/cm/cmbx10.pfb></usr/local/te
xlive/2015/texmf-dist/fonts/type1/public/amsfonts/cm/cmex10.pfb></usr/local/tex
live/2015/texmf-dist/fonts/type1/public/amsfonts/cmextra/cmex7.pfb></usr/local/
texlive/2015/texmf-dist/fonts/type1/public/amsfonts/cm/cmmi10.pfb></usr/local/t
exlive/2015/texmf-dist/fonts/type1/public/amsfonts/cm/cmmi5.pfb></usr/local/tex
live/2015/texmf-dist/fonts/type1/public/amsfonts/cm/cmmi7.pfb></usr/local/texli
ve/2015/texmf-dist/fonts/type1/public/amsfonts/cm/cmr10.pfb></usr/local/texlive
/2015/texmf-dist/fonts/type1/public/amsfonts/cm/cmr5.pfb></usr/local/texlive/20
15/texmf-dist/fonts/type1/public/amsfonts/cm/cmr7.pfb></usr/local/texlive/2015/
texmf-dist/fonts/type1/public/amsfonts/cm/cmsy10.pfb></usr/local/texlive/2015/t
exmf-dist/fonts/type1/public/amsfonts/cm/cmsy5.pfb></usr/local/texlive/2015/tex
mf-dist/fonts/type1/public/amsfonts/cm/cmsy6.pfb></usr/local/texlive/2015/texmf
-dist/fonts/type1/public/amsfonts/cm/cmsy7.pfb></usr/local/texlive/2015/texmf-d
ist/fonts/type1/public/amsfonts/cm/cmsy9.pfb></usr/local/texlive/2015/texmf-dis
t/fonts/type1/public/amsfonts/symbols/msbm10.pfb></usr/local/texlive/2015/texmf
-dist/fonts/type1/urw/times/utmb8a.pfb></usr/local/texlive/2015/texmf-dist/font
s/type1/urw/times/utmr8a.pfb></usr/local/texlive/2015/texmf-dist/fonts/type1/ur
w/times/utmri8a.pfb>
Output written on formatting-instructions-latex.pdf (7 pages, 496547 bytes).
PDF statistics:
 1184 PDF objects out of 1200 (max. 8388607)
 379 compressed objects within 4 object streams
 0 named destinations out of 1000 (max. 500000)
 81 words of extra memory for PDF output out of 10000 (max. 10000000)

